01-May-2026 01:26:11.126 INFO [main] org.apache.catalina.startup.VersionLoggerListener.log Server version name:   Apache Tomcat/9.0.117
01-May-2026 01:26:11.130 INFO [main] org.apache.catalina.startup.VersionLoggerListener.log Server built:          Mar 30 2026 18:21:16 UTC
01-May-2026 01:26:11.131 INFO [main] org.apache.catalina.startup.VersionLoggerListener.log Server version number: 9.0.117.0
01-May-2026 01:26:11.131 INFO [main] org.apache.catalina.startup.VersionLoggerListener.log OS Name:               Linux
01-May-2026 01:26:11.131 INFO [main] org.apache.catalina.startup.VersionLoggerListener.log OS Version:            5.15.0-139-generic
01-May-2026 01:26:11.131 INFO [main] org.apache.catalina.startup.VersionLoggerListener.log Architecture:          amd64
01-May-2026 01:26:11.131 INFO [main] org.apache.catalina.startup.VersionLoggerListener.log Java Home:             /usr/lib/jvm/java-17-openjdk-amd64
01-May-2026 01:26:11.131 INFO [main] org.apache.catalina.startup.VersionLoggerListener.log JVM Version:           17.0.15+6-Ubuntu-0ubuntu120.04
01-May-2026 01:26:11.132 INFO [main] org.apache.catalina.startup.VersionLoggerListener.log JVM Vendor:            Ubuntu
01-May-2026 01:26:11.132 INFO [main] org.apache.catalina.startup.VersionLoggerListener.log CATALINA_BASE:         /home/vinay/Desktop/maven/test/my-webapp/apache-tomcat-9.0.117
01-May-2026 01:26:11.132 INFO [main] org.apache.catalina.startup.VersionLoggerListener.log CATALINA_HOME:         /home/vinay/Desktop/maven/test/my-webapp/apache-tomcat-9.0.117
01-May-2026 01:26:11.140 INFO [main] org.apache.catalina.startup.VersionLoggerListener.log Command line argument: --add-opens=java.base/java.lang=ALL-UNNAMED
01-May-2026 01:26:11.140 INFO [main] org.apache.catalina.startup.VersionLoggerListener.log Command line argument: --add-opens=java.base/java.lang.invoke=ALL-UNNAMED
01-May-2026 01:26:11.141 INFO [main] org.apache.catalina.startup.VersionLoggerListener.log Command line argument: --add-opens=java.base/java.lang.reflect=ALL-UNNAMED
01-May-2026 01:26:11.141 INFO [main] org.apache.catalina.startup.VersionLoggerListener.log Command line argument: --add-opens=java.base/java.io=ALL-UNNAMED
01-May-2026 01:26:11.141 INFO [main] org.apache.catalina.startup.VersionLoggerListener.log Command line argument: --add-opens=java.base/java.util=ALL-UNNAMED
01-May-2026 01:26:11.141 INFO [main] org.apache.catalina.startup.VersionLoggerListener.log Command line argument: --add-opens=java.base/java.util.concurrent=ALL-UNNAMED
01-May-2026 01:26:11.141 INFO [main] org.apache.catalina.startup.VersionLoggerListener.log Command line argument: --add-opens=java.rmi/sun.rmi.transport=ALL-UNNAMED
01-May-2026 01:26:11.141 INFO [main] org.apache.catalina.startup.VersionLoggerListener.log Command line argument: -Djava.util.logging.config.file=/home/vinay/Desktop/maven/test/my-webapp/apache-tomcat-9.0.117/conf/logging.properties
01-May-2026 01:26:11.141 INFO [main] org.apache.catalina.startup.VersionLoggerListener.log Command line argument: -Djava.util.logging.manager=org.apache.juli.ClassLoaderLogManager
01-May-2026 01:26:11.142 INFO [main] org.apache.catalina.startup.VersionLoggerListener.log Command line argument: -Djdk.tls.ephemeralDHKeySize=2048
01-May-2026 01:26:11.142 INFO [main] org.apache.catalina.startup.VersionLoggerListener.log Command line argument: -Djava.protocol.handler.pkgs=org.apache.catalina.webresources
01-May-2026 01:26:11.142 INFO [main] org.apache.catalina.startup.VersionLoggerListener.log Command line argument: -Dsun.io.useCanonCaches=false
01-May-2026 01:26:11.142 INFO [main] org.apache.catalina.startup.VersionLoggerListener.log Command line argument: -Dorg.apache.catalina.security.SecurityListener.UMASK=0027
01-May-2026 01:26:11.142 INFO [main] org.apache.catalina.startup.VersionLoggerListener.log Command line argument: -Dignore.endorsed.dirs=
01-May-2026 01:26:11.142 INFO [main] org.apache.catalina.startup.VersionLoggerListener.log Command line argument: -Dcatalina.base=/home/vinay/Desktop/maven/test/my-webapp/apache-tomcat-9.0.117
01-May-2026 01:26:11.142 INFO [main] org.apache.catalina.startup.VersionLoggerListener.log Command line argument: -Dcatalina.home=/home/vinay/Desktop/maven/test/my-webapp/apache-tomcat-9.0.117
01-May-2026 01:26:11.143 INFO [main] org.apache.catalina.startup.VersionLoggerListener.log Command line argument: -Djava.io.tmpdir=/home/vinay/Desktop/maven/test/my-webapp/apache-tomcat-9.0.117/temp
01-May-2026 01:26:11.144 INFO [main] org.apache.catalina.core.AprLifecycleListener.lifecycleEvent The Apache Tomcat Native library which allows using OpenSSL was not found on the java.library.path: [/usr/java/packages/lib:/usr/lib/x86_64-linux-gnu/jni:/lib/x86_64-linux-gnu:/usr/lib/x86_64-linux-gnu:/usr/lib/jni:/lib:/usr/lib]
01-May-2026 01:26:11.416 INFO [main] org.apache.coyote.AbstractProtocol.init Initializing ProtocolHandler ["http-nio-8080"]
01-May-2026 01:26:11.430 SEVERE [main] org.apache.catalina.util.LifecycleBase.handleSubClassException Failed to initialize component [Connector["http-nio-8080"]]
	org.apache.catalina.LifecycleException: Protocol handler initialization failed
		at org.apache.catalina.connector.Connector.initInternal(Connector.java:1084)
		at org.apache.catalina.util.LifecycleBase.init(LifecycleBase.java:122)
		at org.apache.catalina.core.StandardService.initInternal(StandardService.java:520)
		at org.apache.catalina.util.LifecycleBase.init(LifecycleBase.java:122)
		at org.apache.catalina.core.StandardServer.initInternal(StandardServer.java:984)
		at org.apache.catalina.util.LifecycleBase.init(LifecycleBase.java:122)
		at org.apache.catalina.startup.Catalina.load(Catalina.java:687)
		at org.apache.catalina.startup.Catalina.load(Catalina.java:710)
		at java.base/jdk.internal.reflect.NativeMethodAccessorImpl.invoke0(Native Method)
		at java.base/jdk.internal.reflect.NativeMethodAccessorImpl.invoke(NativeMethodAccessorImpl.java:77)
		at java.base/jdk.internal.reflect.DelegatingMethodAccessorImpl.invoke(DelegatingMethodAccessorImpl.java:43)
		at java.base/java.lang.reflect.Method.invoke(Method.java:569)
		at org.apache.catalina.startup.Bootstrap.load(Bootstrap.java:299)
		at org.apache.catalina.startup.Bootstrap.main(Bootstrap.java:472)
	Caused by: java.net.BindException: Address already in use
		at java.base/sun.nio.ch.Net.bind0(Native Method)
		at java.base/sun.nio.ch.Net.bind(Net.java:555)
		at java.base/sun.nio.ch.ServerSocketChannelImpl.netBind(ServerSocketChannelImpl.java:337)
		at java.base/sun.nio.ch.ServerSocketChannelImpl.bind(ServerSocketChannelImpl.java:294)
		at org.apache.tomcat.util.net.NioEndpoint.initServerSocket(NioEndpoint.java:296)
		at org.apache.tomcat.util.net.NioEndpoint.bind(NioEndpoint.java:251)
		at org.apache.tomcat.util.net.AbstractEndpoint.bindWithCleanup(AbstractEndpoint.java:1498)
		at org.apache.tomcat.util.net.AbstractEndpoint.init(AbstractEndpoint.java:1511)
		at org.apache.coyote.AbstractProtocol.init(AbstractProtocol.java:667)
		at org.apache.coyote.http11.AbstractHttp11Protocol.init(AbstractHttp11Protocol.java:80)
		at org.apache.catalina.connector.Connector.initInternal(Connector.java:1082)
		... 13 more
01-May-2026 01:26:11.431 INFO [main] org.apache.catalina.startup.Catalina.load Server initialization in [491] milliseconds
01-May-2026 01:26:11.478 INFO [main] org.apache.catalina.core.StandardService.startInternal Starting service [Catalina]
01-May-2026 01:26:11.478 INFO [main] org.apache.catalina.core.StandardEngine.startInternal Starting Servlet engine: [Apache Tomcat/9.0.117]
01-May-2026 01:26:11.483 INFO [main] org.apache.catalina.startup.HostConfig.deployDirectory Deploying web application directory [/home/vinay/Desktop/maven/test/my-webapp/apache-tomcat-9.0.117/webapps/ROOT]
01-May-2026 01:26:11.753 INFO [main] org.apache.catalina.startup.HostConfig.deployDirectory Deployment of web application directory [/home/vinay/Desktop/maven/test/my-webapp/apache-tomcat-9.0.117/webapps/ROOT] has finished in [269] ms
01-May-2026 01:26:11.753 INFO [main] org.apache.catalina.startup.HostConfig.deployDirectory Deploying web application directory [/home/vinay/Desktop/maven/test/my-webapp/apache-tomcat-9.0.117/webapps/docs]
01-May-2026 01:26:11.785 INFO [main] org.apache.catalina.startup.HostConfig.deployDirectory Deployment of web application directory [/home/vinay/Desktop/maven/test/my-webapp/apache-tomcat-9.0.117/webapps/docs] has finished in [32] ms
01-May-2026 01:26:11.785 INFO [main] org.apache.catalina.startup.HostConfig.deployDirectory Deploying web application directory [/home/vinay/Desktop/maven/test/my-webapp/apache-tomcat-9.0.117/webapps/my-webapp]
01-May-2026 01:26:11.797 WARNING [main] org.apache.tomcat.util.descriptor.web.WebXml.setVersion Unknown version string [5.0]. Default version will be used.
01-May-2026 01:26:11.825 INFO [main] org.apache.catalina.startup.HostConfig.deployDirectory Deployment of web application directory [/home/vinay/Desktop/maven/test/my-webapp/apache-tomcat-9.0.117/webapps/my-webapp] has finished in [40] ms
01-May-2026 01:26:11.826 INFO [main] org.apache.catalina.startup.HostConfig.deployDirectory Deploying web application directory [/home/vinay/Desktop/maven/test/my-webapp/apache-tomcat-9.0.117/webapps/manager]
01-May-2026 01:26:11.862 INFO [main] org.apache.catalina.startup.HostConfig.deployDirectory Deployment of web application directory [/home/vinay/Desktop/maven/test/my-webapp/apache-tomcat-9.0.117/webapps/manager] has finished in [36] ms
01-May-2026 01:26:11.862 INFO [main] org.apache.catalina.startup.HostConfig.deployDirectory Deploying web application directory [/home/vinay/Desktop/maven/test/my-webapp/apache-tomcat-9.0.117/webapps/host-manager]
01-May-2026 01:26:11.893 INFO [main] org.apache.catalina.startup.HostConfig.deployDirectory Deployment of web application directory [/home/vinay/Desktop/maven/test/my-webapp/apache-tomcat-9.0.117/webapps/host-manager] has finished in [31] ms
01-May-2026 01:26:11.893 INFO [main] org.apache.catalina.startup.HostConfig.deployDirectory Deploying web application directory [/home/vinay/Desktop/maven/test/my-webapp/apache-tomcat-9.0.117/webapps/examples]
01-May-2026 01:26:12.153 INFO [main] org.apache.catalina.startup.HostConfig.deployDirectory Deployment of web application directory [/home/vinay/Desktop/maven/test/my-webapp/apache-tomcat-9.0.117/webapps/examples] has finished in [260] ms
01-May-2026 01:26:12.157 INFO [main] org.apache.catalina.startup.Catalina.start Server startup in [725] milliseconds
01-May-2026 01:27:34.592 INFO [main] org.apache.catalina.core.StandardServer.await A valid shutdown command was received via the shutdown port. Stopping the Server instance.
01-May-2026 01:27:34.592 INFO [main] org.apache.coyote.AbstractProtocol.pause Pausing ProtocolHandler ["http-nio-8080"]
01-May-2026 01:27:34.592 INFO [main] org.apache.catalina.core.StandardService.stopInternal Stopping service [Catalina]
01-May-2026 01:27:34.621 INFO [main] org.apache.coyote.AbstractProtocol.stop Stopping ProtocolHandler ["http-nio-8080"]
01-May-2026 01:27:34.622 INFO [main] org.apache.coyote.AbstractProtocol.destroy Destroying ProtocolHandler ["http-nio-8080"]
01-May-2026 01:29:02.431 INFO [main] org.apache.catalina.startup.VersionLoggerListener.log Server version name:   Apache Tomcat/9.0.117
01-May-2026 01:29:02.435 INFO [main] org.apache.catalina.startup.VersionLoggerListener.log Server built:          Mar 30 2026 18:21:16 UTC
01-May-2026 01:29:02.435 INFO [main] org.apache.catalina.startup.VersionLoggerListener.log Server version number: 9.0.117.0
01-May-2026 01:29:02.436 INFO [main] org.apache.catalina.startup.VersionLoggerListener.log OS Name:               Linux
01-May-2026 01:29:02.436 INFO [main] org.apache.catalina.startup.VersionLoggerListener.log OS Version:            5.15.0-139-generic
01-May-2026 01:29:02.436 INFO [main] org.apache.catalina.startup.VersionLoggerListener.log Architecture:          amd64
01-May-2026 01:29:02.436 INFO [main] org.apache.catalina.startup.VersionLoggerListener.log Java Home:             /usr/lib/jvm/java-17-openjdk-amd64
01-May-2026 01:29:02.436 INFO [main] org.apache.catalina.startup.VersionLoggerListener.log JVM Version:           17.0.15+6-Ubuntu-0ubuntu120.04
01-May-2026 01:29:02.436 INFO [main] org.apache.catalina.startup.VersionLoggerListener.log JVM Vendor:            Ubuntu
01-May-2026 01:29:02.437 INFO [main] org.apache.catalina.startup.VersionLoggerListener.log CATALINA_BASE:         /home/vinay/Desktop/maven/test/my-webapp/apache-tomcat-9.0.117
01-May-2026 01:29:02.437 INFO [main] org.apache.catalina.startup.VersionLoggerListener.log CATALINA_HOME:         /home/vinay/Desktop/maven/test/my-webapp/apache-tomcat-9.0.117
01-May-2026 01:29:02.445 INFO [main] org.apache.catalina.startup.VersionLoggerListener.log Command line argument: --add-opens=java.base/java.lang=ALL-UNNAMED
01-May-2026 01:29:02.445 INFO [main] org.apache.catalina.startup.VersionLoggerListener.log Command line argument: --add-opens=java.base/java.lang.invoke=ALL-UNNAMED
01-May-2026 01:29:02.445 INFO [main] org.apache.catalina.startup.VersionLoggerListener.log Command line argument: --add-opens=java.base/java.lang.reflect=ALL-UNNAMED
01-May-2026 01:29:02.445 INFO [main] org.apache.catalina.startup.VersionLoggerListener.log Command line argument: --add-opens=java.base/java.io=ALL-UNNAMED
01-May-2026 01:29:02.445 INFO [main] org.apache.catalina.startup.VersionLoggerListener.log Command line argument: --add-opens=java.base/java.util=ALL-UNNAMED
01-May-2026 01:29:02.446 INFO [main] org.apache.catalina.startup.VersionLoggerListener.log Command line argument: --add-opens=java.base/java.util.concurrent=ALL-UNNAMED
01-May-2026 01:29:02.446 INFO [main] org.apache.catalina.startup.VersionLoggerListener.log Command line argument: --add-opens=java.rmi/sun.rmi.transport=ALL-UNNAMED
01-May-2026 01:29:02.446 INFO [main] org.apache.catalina.startup.VersionLoggerListener.log Command line argument: -Djava.util.logging.config.file=/home/vinay/Desktop/maven/test/my-webapp/apache-tomcat-9.0.117/conf/logging.properties
01-May-2026 01:29:02.446 INFO [main] org.apache.catalina.startup.VersionLoggerListener.log Command line argument: -Djava.util.logging.manager=org.apache.juli.ClassLoaderLogManager
01-May-2026 01:29:02.446 INFO [main] org.apache.catalina.startup.VersionLoggerListener.log Command line argument: -Djdk.tls.ephemeralDHKeySize=2048
01-May-2026 01:29:02.446 INFO [main] org.apache.catalina.startup.VersionLoggerListener.log Command line argument: -Djava.protocol.handler.pkgs=org.apache.catalina.webresources
01-May-2026 01:29:02.446 INFO [main] org.apache.catalina.startup.VersionLoggerListener.log Command line argument: -Dsun.io.useCanonCaches=false
01-May-2026 01:29:02.447 INFO [main] org.apache.catalina.startup.VersionLoggerListener.log Command line argument: -Dorg.apache.catalina.security.SecurityListener.UMASK=0027
01-May-2026 01:29:02.447 INFO [main] org.apache.catalina.startup.VersionLoggerListener.log Command line argument: -Dignore.endorsed.dirs=
01-May-2026 01:29:02.447 INFO [main] org.apache.catalina.startup.VersionLoggerListener.log Command line argument: -Dcatalina.base=/home/vinay/Desktop/maven/test/my-webapp/apache-tomcat-9.0.117
01-May-2026 01:29:02.447 INFO [main] org.apache.catalina.startup.VersionLoggerListener.log Command line argument: -Dcatalina.home=/home/vinay/Desktop/maven/test/my-webapp/apache-tomcat-9.0.117
01-May-2026 01:29:02.447 INFO [main] org.apache.catalina.startup.VersionLoggerListener.log Command line argument: -Djava.io.tmpdir=/home/vinay/Desktop/maven/test/my-webapp/apache-tomcat-9.0.117/temp
01-May-2026 01:29:02.449 INFO [main] org.apache.catalina.core.AprLifecycleListener.lifecycleEvent The Apache Tomcat Native library which allows using OpenSSL was not found on the java.library.path: [/usr/java/packages/lib:/usr/lib/x86_64-linux-gnu/jni:/lib/x86_64-linux-gnu:/usr/lib/x86_64-linux-gnu:/usr/lib/jni:/lib:/usr/lib]
01-May-2026 01:29:02.723 INFO [main] org.apache.coyote.AbstractProtocol.init Initializing ProtocolHandler ["http-nio-8080"]
01-May-2026 01:29:02.736 SEVERE [main] org.apache.catalina.util.LifecycleBase.handleSubClassException Failed to initialize component [Connector["http-nio-8080"]]
	org.apache.catalina.LifecycleException: Protocol handler initialization failed
		at org.apache.catalina.connector.Connector.initInternal(Connector.java:1084)
		at org.apache.catalina.util.LifecycleBase.init(LifecycleBase.java:122)
		at org.apache.catalina.core.StandardService.initInternal(StandardService.java:520)
		at org.apache.catalina.util.LifecycleBase.init(LifecycleBase.java:122)
		at org.apache.catalina.core.StandardServer.initInternal(StandardServer.java:984)
		at org.apache.catalina.util.LifecycleBase.init(LifecycleBase.java:122)
		at org.apache.catalina.startup.Catalina.load(Catalina.java:687)
		at org.apache.catalina.startup.Catalina.load(Catalina.java:710)
		at java.base/jdk.internal.reflect.NativeMethodAccessorImpl.invoke0(Native Method)
		at java.base/jdk.internal.reflect.NativeMethodAccessorImpl.invoke(NativeMethodAccessorImpl.java:77)
		at java.base/jdk.internal.reflect.DelegatingMethodAccessorImpl.invoke(DelegatingMethodAccessorImpl.java:43)
		at java.base/java.lang.reflect.Method.invoke(Method.java:569)
		at org.apache.catalina.startup.Bootstrap.load(Bootstrap.java:299)
		at org.apache.catalina.startup.Bootstrap.main(Bootstrap.java:472)
	Caused by: java.net.BindException: Address already in use
		at java.base/sun.nio.ch.Net.bind0(Native Method)
		at java.base/sun.nio.ch.Net.bind(Net.java:555)
		at java.base/sun.nio.ch.ServerSocketChannelImpl.netBind(ServerSocketChannelImpl.java:337)
		at java.base/sun.nio.ch.ServerSocketChannelImpl.bind(ServerSocketChannelImpl.java:294)
		at org.apache.tomcat.util.net.NioEndpoint.initServerSocket(NioEndpoint.java:296)
		at org.apache.tomcat.util.net.NioEndpoint.bind(NioEndpoint.java:251)
		at org.apache.tomcat.util.net.AbstractEndpoint.bindWithCleanup(AbstractEndpoint.java:1498)
		at org.apache.tomcat.util.net.AbstractEndpoint.init(AbstractEndpoint.java:1511)
		at org.apache.coyote.AbstractProtocol.init(AbstractProtocol.java:667)
		at org.apache.coyote.http11.AbstractHttp11Protocol.init(AbstractHttp11Protocol.java:80)
		at org.apache.catalina.connector.Connector.initInternal(Connector.java:1082)
		... 13 more
01-May-2026 01:29:02.737 INFO [main] org.apache.catalina.startup.Catalina.load Server initialization in [468] milliseconds
01-May-2026 01:29:02.774 INFO [main] org.apache.catalina.core.StandardService.startInternal Starting service [Catalina]
01-May-2026 01:29:02.774 INFO [main] org.apache.catalina.core.StandardEngine.startInternal Starting Servlet engine: [Apache Tomcat/9.0.117]
01-May-2026 01:29:02.780 INFO [main] org.apache.catalina.startup.HostConfig.deployDirectory Deploying web application directory [/home/vinay/Desktop/maven/test/my-webapp/apache-tomcat-9.0.117/webapps/ROOT]
01-May-2026 01:29:03.031 INFO [main] org.apache.catalina.startup.HostConfig.deployDirectory Deployment of web application directory [/home/vinay/Desktop/maven/test/my-webapp/apache-tomcat-9.0.117/webapps/ROOT] has finished in [251] ms
01-May-2026 01:29:03.032 INFO [main] org.apache.catalina.startup.HostConfig.deployDirectory Deploying web application directory [/home/vinay/Desktop/maven/test/my-webapp/apache-tomcat-9.0.117/webapps/docs]
01-May-2026 01:29:03.061 INFO [main] org.apache.catalina.startup.HostConfig.deployDirectory Deployment of web application directory [/home/vinay/Desktop/maven/test/my-webapp/apache-tomcat-9.0.117/webapps/docs] has finished in [29] ms
01-May-2026 01:29:03.062 INFO [main] org.apache.catalina.startup.HostConfig.deployDirectory Deploying web application directory [/home/vinay/Desktop/maven/test/my-webapp/apache-tomcat-9.0.117/webapps/my-webapp]
01-May-2026 01:29:03.072 WARNING [main] org.apache.tomcat.util.descriptor.web.WebXml.setVersion Unknown version string [5.0]. Default version will be used.
01-May-2026 01:29:03.100 INFO [main] org.apache.catalina.startup.HostConfig.deployDirectory Deployment of web application directory [/home/vinay/Desktop/maven/test/my-webapp/apache-tomcat-9.0.117/webapps/my-webapp] has finished in [38] ms
01-May-2026 01:29:03.100 INFO [main] org.apache.catalina.startup.HostConfig.deployDirectory Deploying web application directory [/home/vinay/Desktop/maven/test/my-webapp/apache-tomcat-9.0.117/webapps/manager]
01-May-2026 01:29:03.132 INFO [main] org.apache.catalina.startup.HostConfig.deployDirectory Deployment of web application directory [/home/vinay/Desktop/maven/test/my-webapp/apache-tomcat-9.0.117/webapps/manager] has finished in [32] ms
01-May-2026 01:29:03.133 INFO [main] org.apache.catalina.startup.HostConfig.deployDirectory Deploying web application directory [/home/vinay/Desktop/maven/test/my-webapp/apache-tomcat-9.0.117/webapps/host-manager]
01-May-2026 01:29:03.161 INFO [main] org.apache.catalina.startup.HostConfig.deployDirectory Deployment of web application directory [/home/vinay/Desktop/maven/test/my-webapp/apache-tomcat-9.0.117/webapps/host-manager] has finished in [28] ms
01-May-2026 01:29:03.162 INFO [main] org.apache.catalina.startup.HostConfig.deployDirectory Deploying web application directory [/home/vinay/Desktop/maven/test/my-webapp/apache-tomcat-9.0.117/webapps/examples]
01-May-2026 01:29:03.365 INFO [main] org.apache.catalina.startup.HostConfig.deployDirectory Deployment of web application directory [/home/vinay/Desktop/maven/test/my-webapp/apache-tomcat-9.0.117/webapps/examples] has finished in [203] ms
01-May-2026 01:29:03.370 INFO [main] org.apache.catalina.startup.Catalina.start Server startup in [632] milliseconds
01-May-2026 01:29:16.760 WARNING [main] org.apache.catalina.core.StandardServer.await Invalid shutdown command [GET /manager/text/list HTTP/1.1] received
01-May-2026 01:29:16.761 WARNING [main] org.apache.catalina.core.StandardServer.await Invalid shutdown command [GET /manager/text/list HTTP/1.1] received
01-May-2026 01:55:03.300 INFO [Thread-1] org.apache.coyote.AbstractProtocol.pause Pausing ProtocolHandler ["http-nio-8080"]
01-May-2026 01:55:03.300 INFO [Thread-1] org.apache.catalina.core.StandardService.stopInternal Stopping service [Catalina]
01-May-2026 01:55:03.336 INFO [Thread-1] org.apache.coyote.AbstractProtocol.stop Stopping ProtocolHandler ["http-nio-8080"]
01-May-2026 01:55:03.337 INFO [Thread-1] org.apache.coyote.AbstractProtocol.destroy Destroying ProtocolHandler ["http-nio-8080"]
