NOTE: Picked up JDK_JAVA_OPTIONS:  --add-opens=java.base/java.lang=ALL-UNNAMED --add-opens=java.base/java.lang.invoke=ALL-UNNAMED --add-opens=java.base/java.lang.reflect=ALL-UNNAMED --add-opens=java.base/java.io=ALL-UNNAMED --add-opens=java.base/java.util=ALL-UNNAMED --add-opens=java.base/java.util.concurrent=ALL-UNNAMED --add-opens=java.rmi/sun.rmi.transport=ALL-UNNAMED
19-Apr-2026 12:37:31.934 INFO [main] org.apache.catalina.startup.VersionLoggerListener.log Server version name:   Apache Tomcat/9.0.117
19-Apr-2026 12:37:31.938 INFO [main] org.apache.catalina.startup.VersionLoggerListener.log Server built:          Mar 30 2026 18:21:16 UTC
19-Apr-2026 12:37:31.938 INFO [main] org.apache.catalina.startup.VersionLoggerListener.log Server version number: 9.0.117.0
19-Apr-2026 12:37:31.939 INFO [main] org.apache.catalina.startup.VersionLoggerListener.log OS Name:               Linux
19-Apr-2026 12:37:31.939 INFO [main] org.apache.catalina.startup.VersionLoggerListener.log OS Version:            5.15.0-139-generic
19-Apr-2026 12:37:31.939 INFO [main] org.apache.catalina.startup.VersionLoggerListener.log Architecture:          amd64
19-Apr-2026 12:37:31.939 INFO [main] org.apache.catalina.startup.VersionLoggerListener.log Java Home:             /usr/lib/jvm/java-17-openjdk-amd64
19-Apr-2026 12:37:31.939 INFO [main] org.apache.catalina.startup.VersionLoggerListener.log JVM Version:           17.0.15+6-Ubuntu-0ubuntu120.04
19-Apr-2026 12:37:31.939 INFO [main] org.apache.catalina.startup.VersionLoggerListener.log JVM Vendor:            Ubuntu
19-Apr-2026 12:37:31.940 INFO [main] org.apache.catalina.startup.VersionLoggerListener.log CATALINA_BASE:         /home/vinay/Desktop/maven/test/my-webapp/apache-tomcat-9.0.117
19-Apr-2026 12:37:31.940 INFO [main] org.apache.catalina.startup.VersionLoggerListener.log CATALINA_HOME:         /home/vinay/Desktop/maven/test/my-webapp/apache-tomcat-9.0.117
19-Apr-2026 12:37:31.947 INFO [main] org.apache.catalina.startup.VersionLoggerListener.log Command line argument: --add-opens=java.base/java.lang=ALL-UNNAMED
19-Apr-2026 12:37:31.947 INFO [main] org.apache.catalina.startup.VersionLoggerListener.log Command line argument: --add-opens=java.base/java.lang.invoke=ALL-UNNAMED
19-Apr-2026 12:37:31.948 INFO [main] org.apache.catalina.startup.VersionLoggerListener.log Command line argument: --add-opens=java.base/java.lang.reflect=ALL-UNNAMED
19-Apr-2026 12:37:31.948 INFO [main] org.apache.catalina.startup.VersionLoggerListener.log Command line argument: --add-opens=java.base/java.io=ALL-UNNAMED
19-Apr-2026 12:37:31.948 INFO [main] org.apache.catalina.startup.VersionLoggerListener.log Command line argument: --add-opens=java.base/java.util=ALL-UNNAMED
19-Apr-2026 12:37:31.948 INFO [main] org.apache.catalina.startup.VersionLoggerListener.log Command line argument: --add-opens=java.base/java.util.concurrent=ALL-UNNAMED
19-Apr-2026 12:37:31.948 INFO [main] org.apache.catalina.startup.VersionLoggerListener.log Command line argument: --add-opens=java.rmi/sun.rmi.transport=ALL-UNNAMED
19-Apr-2026 12:37:31.948 INFO [main] org.apache.catalina.startup.VersionLoggerListener.log Command line argument: -Djava.util.logging.config.file=/home/vinay/Desktop/maven/test/my-webapp/apache-tomcat-9.0.117/conf/logging.properties
19-Apr-2026 12:37:31.949 INFO [main] org.apache.catalina.startup.VersionLoggerListener.log Command line argument: -Djava.util.logging.manager=org.apache.juli.ClassLoaderLogManager
19-Apr-2026 12:37:31.949 INFO [main] org.apache.catalina.startup.VersionLoggerListener.log Command line argument: -Djdk.tls.ephemeralDHKeySize=2048
19-Apr-2026 12:37:31.949 INFO [main] org.apache.catalina.startup.VersionLoggerListener.log Command line argument: -Djava.protocol.handler.pkgs=org.apache.catalina.webresources
19-Apr-2026 12:37:31.949 INFO [main] org.apache.catalina.startup.VersionLoggerListener.log Command line argument: -Dsun.io.useCanonCaches=false
19-Apr-2026 12:37:31.949 INFO [main] org.apache.catalina.startup.VersionLoggerListener.log Command line argument: -Dorg.apache.catalina.security.SecurityListener.UMASK=0027
19-Apr-2026 12:37:31.949 INFO [main] org.apache.catalina.startup.VersionLoggerListener.log Command line argument: -Dignore.endorsed.dirs=
19-Apr-2026 12:37:31.949 INFO [main] org.apache.catalina.startup.VersionLoggerListener.log Command line argument: -Dcatalina.base=/home/vinay/Desktop/maven/test/my-webapp/apache-tomcat-9.0.117
19-Apr-2026 12:37:31.950 INFO [main] org.apache.catalina.startup.VersionLoggerListener.log Command line argument: -Dcatalina.home=/home/vinay/Desktop/maven/test/my-webapp/apache-tomcat-9.0.117
19-Apr-2026 12:37:31.950 INFO [main] org.apache.catalina.startup.VersionLoggerListener.log Command line argument: -Djava.io.tmpdir=/home/vinay/Desktop/maven/test/my-webapp/apache-tomcat-9.0.117/temp
19-Apr-2026 12:37:31.951 INFO [main] org.apache.catalina.core.AprLifecycleListener.lifecycleEvent The Apache Tomcat Native library which allows using OpenSSL was not found on the java.library.path: [/usr/java/packages/lib:/usr/lib/x86_64-linux-gnu/jni:/lib/x86_64-linux-gnu:/usr/lib/x86_64-linux-gnu:/usr/lib/jni:/lib:/usr/lib]
19-Apr-2026 12:37:32.212 INFO [main] org.apache.coyote.AbstractProtocol.init Initializing ProtocolHandler ["http-nio-8080"]
19-Apr-2026 12:37:32.235 INFO [main] org.apache.catalina.startup.Catalina.load Server initialization in [455] milliseconds
19-Apr-2026 12:37:32.272 INFO [main] org.apache.catalina.core.StandardService.startInternal Starting service [Catalina]
19-Apr-2026 12:37:32.272 INFO [main] org.apache.catalina.core.StandardEngine.startInternal Starting Servlet engine: [Apache Tomcat/9.0.117]
19-Apr-2026 12:37:32.284 INFO [main] org.apache.catalina.startup.HostConfig.deployWAR Deploying web application archive [/home/vinay/Desktop/maven/test/my-webapp/apache-tomcat-9.0.117/webapps/my-webapp.war]
19-Apr-2026 12:37:32.395 WARNING [main] org.apache.tomcat.util.descriptor.web.WebXml.setVersion Unknown version string [5.0]. Default version will be used.
19-Apr-2026 12:37:32.545 INFO [main] org.apache.catalina.startup.HostConfig.deployWAR Deployment of web application archive [/home/vinay/Desktop/maven/test/my-webapp/apache-tomcat-9.0.117/webapps/my-webapp.war] has finished in [260] ms
19-Apr-2026 12:37:32.545 INFO [main] org.apache.catalina.startup.HostConfig.deployDirectory Deploying web application directory [/home/vinay/Desktop/maven/test/my-webapp/apache-tomcat-9.0.117/webapps/ROOT]
19-Apr-2026 12:37:32.571 INFO [main] org.apache.catalina.startup.HostConfig.deployDirectory Deployment of web application directory [/home/vinay/Desktop/maven/test/my-webapp/apache-tomcat-9.0.117/webapps/ROOT] has finished in [26] ms
19-Apr-2026 12:37:32.572 INFO [main] org.apache.catalina.startup.HostConfig.deployDirectory Deploying web application directory [/home/vinay/Desktop/maven/test/my-webapp/apache-tomcat-9.0.117/webapps/docs]
19-Apr-2026 12:37:32.601 INFO [main] org.apache.catalina.startup.HostConfig.deployDirectory Deployment of web application directory [/home/vinay/Desktop/maven/test/my-webapp/apache-tomcat-9.0.117/webapps/docs] has finished in [29] ms
19-Apr-2026 12:37:32.602 INFO [main] org.apache.catalina.startup.HostConfig.deployDirectory Deploying web application directory [/home/vinay/Desktop/maven/test/my-webapp/apache-tomcat-9.0.117/webapps/manager]
19-Apr-2026 12:37:32.639 INFO [main] org.apache.catalina.startup.HostConfig.deployDirectory Deployment of web application directory [/home/vinay/Desktop/maven/test/my-webapp/apache-tomcat-9.0.117/webapps/manager] has finished in [37] ms
19-Apr-2026 12:37:32.640 INFO [main] org.apache.catalina.startup.HostConfig.deployDirectory Deploying web application directory [/home/vinay/Desktop/maven/test/my-webapp/apache-tomcat-9.0.117/webapps/host-manager]
19-Apr-2026 12:37:32.672 INFO [main] org.apache.catalina.startup.HostConfig.deployDirectory Deployment of web application directory [/home/vinay/Desktop/maven/test/my-webapp/apache-tomcat-9.0.117/webapps/host-manager] has finished in [31] ms
19-Apr-2026 12:37:32.672 INFO [main] org.apache.catalina.startup.HostConfig.deployDirectory Deploying web application directory [/home/vinay/Desktop/maven/test/my-webapp/apache-tomcat-9.0.117/webapps/examples]
19-Apr-2026 12:37:32.869 INFO [main] org.apache.catalina.startup.HostConfig.deployDirectory Deployment of web application directory [/home/vinay/Desktop/maven/test/my-webapp/apache-tomcat-9.0.117/webapps/examples] has finished in [197] ms
19-Apr-2026 12:37:32.873 INFO [main] org.apache.coyote.AbstractProtocol.start Starting ProtocolHandler ["http-nio-8080"]
19-Apr-2026 12:37:32.885 INFO [main] org.apache.catalina.startup.Catalina.start Server startup in [649] milliseconds
19-Apr-2026 12:42:07.554 INFO [main] org.apache.catalina.core.StandardServer.await A valid shutdown command was received via the shutdown port. Stopping the Server instance.
19-Apr-2026 12:42:07.555 INFO [main] org.apache.coyote.AbstractProtocol.pause Pausing ProtocolHandler ["http-nio-8080"]
19-Apr-2026 12:42:07.557 INFO [main] org.apache.catalina.core.StandardService.stopInternal Stopping service [Catalina]
19-Apr-2026 12:42:07.593 INFO [main] org.apache.coyote.AbstractProtocol.stop Stopping ProtocolHandler ["http-nio-8080"]
19-Apr-2026 12:42:07.602 INFO [main] org.apache.coyote.AbstractProtocol.destroy Destroying ProtocolHandler ["http-nio-8080"]
NOTE: Picked up JDK_JAVA_OPTIONS:  --add-opens=java.base/java.lang=ALL-UNNAMED --add-opens=java.base/java.lang.invoke=ALL-UNNAMED --add-opens=java.base/java.lang.reflect=ALL-UNNAMED --add-opens=java.base/java.io=ALL-UNNAMED --add-opens=java.base/java.util=ALL-UNNAMED --add-opens=java.base/java.util.concurrent=ALL-UNNAMED --add-opens=java.rmi/sun.rmi.transport=ALL-UNNAMED
19-Apr-2026 12:42:24.839 INFO [main] org.apache.catalina.startup.VersionLoggerListener.log Server version name:   Apache Tomcat/9.0.117
19-Apr-2026 12:42:24.844 INFO [main] org.apache.catalina.startup.VersionLoggerListener.log Server built:          Mar 30 2026 18:21:16 UTC
19-Apr-2026 12:42:24.844 INFO [main] org.apache.catalina.startup.VersionLoggerListener.log Server version number: 9.0.117.0
19-Apr-2026 12:42:24.844 INFO [main] org.apache.catalina.startup.VersionLoggerListener.log OS Name:               Linux
19-Apr-2026 12:42:24.844 INFO [main] org.apache.catalina.startup.VersionLoggerListener.log OS Version:            5.15.0-139-generic
19-Apr-2026 12:42:24.844 INFO [main] org.apache.catalina.startup.VersionLoggerListener.log Architecture:          amd64
19-Apr-2026 12:42:24.845 INFO [main] org.apache.catalina.startup.VersionLoggerListener.log Java Home:             /usr/lib/jvm/java-17-openjdk-amd64
19-Apr-2026 12:42:24.845 INFO [main] org.apache.catalina.startup.VersionLoggerListener.log JVM Version:           17.0.15+6-Ubuntu-0ubuntu120.04
19-Apr-2026 12:42:24.845 INFO [main] org.apache.catalina.startup.VersionLoggerListener.log JVM Vendor:            Ubuntu
19-Apr-2026 12:42:24.845 INFO [main] org.apache.catalina.startup.VersionLoggerListener.log CATALINA_BASE:         /home/vinay/Desktop/maven/test/my-webapp/apache-tomcat-9.0.117
19-Apr-2026 12:42:24.845 INFO [main] org.apache.catalina.startup.VersionLoggerListener.log CATALINA_HOME:         /home/vinay/Desktop/maven/test/my-webapp/apache-tomcat-9.0.117
19-Apr-2026 12:42:24.854 INFO [main] org.apache.catalina.startup.VersionLoggerListener.log Command line argument: --add-opens=java.base/java.lang=ALL-UNNAMED
19-Apr-2026 12:42:24.854 INFO [main] org.apache.catalina.startup.VersionLoggerListener.log Command line argument: --add-opens=java.base/java.lang.invoke=ALL-UNNAMED
19-Apr-2026 12:42:24.854 INFO [main] org.apache.catalina.startup.VersionLoggerListener.log Command line argument: --add-opens=java.base/java.lang.reflect=ALL-UNNAMED
19-Apr-2026 12:42:24.855 INFO [main] org.apache.catalina.startup.VersionLoggerListener.log Command line argument: --add-opens=java.base/java.io=ALL-UNNAMED
19-Apr-2026 12:42:24.855 INFO [main] org.apache.catalina.startup.VersionLoggerListener.log Command line argument: --add-opens=java.base/java.util=ALL-UNNAMED
19-Apr-2026 12:42:24.855 INFO [main] org.apache.catalina.startup.VersionLoggerListener.log Command line argument: --add-opens=java.base/java.util.concurrent=ALL-UNNAMED
19-Apr-2026 12:42:24.855 INFO [main] org.apache.catalina.startup.VersionLoggerListener.log Command line argument: --add-opens=java.rmi/sun.rmi.transport=ALL-UNNAMED
19-Apr-2026 12:42:24.856 INFO [main] org.apache.catalina.startup.VersionLoggerListener.log Command line argument: -Djava.util.logging.config.file=/home/vinay/Desktop/maven/test/my-webapp/apache-tomcat-9.0.117/conf/logging.properties
19-Apr-2026 12:42:24.856 INFO [main] org.apache.catalina.startup.VersionLoggerListener.log Command line argument: -Djava.util.logging.manager=org.apache.juli.ClassLoaderLogManager
19-Apr-2026 12:42:24.856 INFO [main] org.apache.catalina.startup.VersionLoggerListener.log Command line argument: -Djdk.tls.ephemeralDHKeySize=2048
19-Apr-2026 12:42:24.856 INFO [main] org.apache.catalina.startup.VersionLoggerListener.log Command line argument: -Djava.protocol.handler.pkgs=org.apache.catalina.webresources
19-Apr-2026 12:42:24.856 INFO [main] org.apache.catalina.startup.VersionLoggerListener.log Command line argument: -Dsun.io.useCanonCaches=false
19-Apr-2026 12:42:24.856 INFO [main] org.apache.catalina.startup.VersionLoggerListener.log Command line argument: -Dorg.apache.catalina.security.SecurityListener.UMASK=0027
19-Apr-2026 12:42:24.856 INFO [main] org.apache.catalina.startup.VersionLoggerListener.log Command line argument: -Dignore.endorsed.dirs=
19-Apr-2026 12:42:24.857 INFO [main] org.apache.catalina.startup.VersionLoggerListener.log Command line argument: -Dcatalina.base=/home/vinay/Desktop/maven/test/my-webapp/apache-tomcat-9.0.117
19-Apr-2026 12:42:24.857 INFO [main] org.apache.catalina.startup.VersionLoggerListener.log Command line argument: -Dcatalina.home=/home/vinay/Desktop/maven/test/my-webapp/apache-tomcat-9.0.117
19-Apr-2026 12:42:24.857 INFO [main] org.apache.catalina.startup.VersionLoggerListener.log Command line argument: -Djava.io.tmpdir=/home/vinay/Desktop/maven/test/my-webapp/apache-tomcat-9.0.117/temp
19-Apr-2026 12:42:24.859 INFO [main] org.apache.catalina.core.AprLifecycleListener.lifecycleEvent The Apache Tomcat Native library which allows using OpenSSL was not found on the java.library.path: [/usr/java/packages/lib:/usr/lib/x86_64-linux-gnu/jni:/lib/x86_64-linux-gnu:/usr/lib/x86_64-linux-gnu:/usr/lib/jni:/lib:/usr/lib]
19-Apr-2026 12:42:25.137 INFO [main] org.apache.coyote.AbstractProtocol.init Initializing ProtocolHandler ["http-nio-8080"]
19-Apr-2026 12:42:25.163 INFO [main] org.apache.catalina.startup.Catalina.load Server initialization in [490] milliseconds
19-Apr-2026 12:42:25.207 INFO [main] org.apache.catalina.core.StandardService.startInternal Starting service [Catalina]
19-Apr-2026 12:42:25.208 INFO [main] org.apache.catalina.core.StandardEngine.startInternal Starting Servlet engine: [Apache Tomcat/9.0.117]
19-Apr-2026 12:42:25.228 INFO [main] org.apache.catalina.startup.HostConfig.deployWAR Deploying web application archive [/home/vinay/Desktop/maven/test/my-webapp/apache-tomcat-9.0.117/webapps/my-webapp.war]
19-Apr-2026 12:42:25.354 WARNING [main] org.apache.tomcat.util.descriptor.web.WebXml.setVersion Unknown version string [5.0]. Default version will be used.
19-Apr-2026 12:42:25.506 INFO [main] org.apache.catalina.startup.HostConfig.deployWAR Deployment of web application archive [/home/vinay/Desktop/maven/test/my-webapp/apache-tomcat-9.0.117/webapps/my-webapp.war] has finished in [277] ms
19-Apr-2026 12:42:25.507 INFO [main] org.apache.catalina.startup.HostConfig.deployDirectory Deploying web application directory [/home/vinay/Desktop/maven/test/my-webapp/apache-tomcat-9.0.117/webapps/ROOT]
19-Apr-2026 12:42:25.532 INFO [main] org.apache.catalina.startup.HostConfig.deployDirectory Deployment of web application directory [/home/vinay/Desktop/maven/test/my-webapp/apache-tomcat-9.0.117/webapps/ROOT] has finished in [25] ms
19-Apr-2026 12:42:25.533 INFO [main] org.apache.catalina.startup.HostConfig.deployDirectory Deploying web application directory [/home/vinay/Desktop/maven/test/my-webapp/apache-tomcat-9.0.117/webapps/docs]
19-Apr-2026 12:42:25.561 INFO [main] org.apache.catalina.startup.HostConfig.deployDirectory Deployment of web application directory [/home/vinay/Desktop/maven/test/my-webapp/apache-tomcat-9.0.117/webapps/docs] has finished in [28] ms
19-Apr-2026 12:42:25.561 INFO [main] org.apache.catalina.startup.HostConfig.deployDirectory Deploying web application directory [/home/vinay/Desktop/maven/test/my-webapp/apache-tomcat-9.0.117/webapps/manager]
19-Apr-2026 12:42:25.595 INFO [main] org.apache.catalina.startup.HostConfig.deployDirectory Deployment of web application directory [/home/vinay/Desktop/maven/test/my-webapp/apache-tomcat-9.0.117/webapps/manager] has finished in [34] ms
19-Apr-2026 12:42:25.595 INFO [main] org.apache.catalina.startup.HostConfig.deployDirectory Deploying web application directory [/home/vinay/Desktop/maven/test/my-webapp/apache-tomcat-9.0.117/webapps/host-manager]
19-Apr-2026 12:42:25.626 INFO [main] org.apache.catalina.startup.HostConfig.deployDirectory Deployment of web application directory [/home/vinay/Desktop/maven/test/my-webapp/apache-tomcat-9.0.117/webapps/host-manager] has finished in [31] ms
19-Apr-2026 12:42:25.626 INFO [main] org.apache.catalina.startup.HostConfig.deployDirectory Deploying web application directory [/home/vinay/Desktop/maven/test/my-webapp/apache-tomcat-9.0.117/webapps/examples]
19-Apr-2026 12:42:25.824 INFO [main] org.apache.catalina.startup.HostConfig.deployDirectory Deployment of web application directory [/home/vinay/Desktop/maven/test/my-webapp/apache-tomcat-9.0.117/webapps/examples] has finished in [198] ms
19-Apr-2026 12:42:25.828 INFO [main] org.apache.coyote.AbstractProtocol.start Starting ProtocolHandler ["http-nio-8080"]
19-Apr-2026 12:42:25.839 INFO [main] org.apache.catalina.startup.Catalina.start Server startup in [675] milliseconds
NOTE: Picked up JDK_JAVA_OPTIONS:  --add-opens=java.base/java.lang=ALL-UNNAMED --add-opens=java.base/java.lang.invoke=ALL-UNNAMED --add-opens=java.base/java.lang.reflect=ALL-UNNAMED --add-opens=java.base/java.io=ALL-UNNAMED --add-opens=java.base/java.util=ALL-UNNAMED --add-opens=java.base/java.util.concurrent=ALL-UNNAMED --add-opens=java.rmi/sun.rmi.transport=ALL-UNNAMED
19-Apr-2026 12:42:40.731 INFO [main] org.apache.catalina.startup.VersionLoggerListener.log Server version name:   Apache Tomcat/9.0.117
19-Apr-2026 12:42:40.735 INFO [main] org.apache.catalina.startup.VersionLoggerListener.log Server built:          Mar 30 2026 18:21:16 UTC
19-Apr-2026 12:42:40.736 INFO [main] org.apache.catalina.startup.VersionLoggerListener.log Server version number: 9.0.117.0
19-Apr-2026 12:42:40.736 INFO [main] org.apache.catalina.startup.VersionLoggerListener.log OS Name:               Linux
19-Apr-2026 12:42:40.736 INFO [main] org.apache.catalina.startup.VersionLoggerListener.log OS Version:            5.15.0-139-generic
19-Apr-2026 12:42:40.736 INFO [main] org.apache.catalina.startup.VersionLoggerListener.log Architecture:          amd64
19-Apr-2026 12:42:40.736 INFO [main] org.apache.catalina.startup.VersionLoggerListener.log Java Home:             /usr/lib/jvm/java-17-openjdk-amd64
19-Apr-2026 12:42:40.736 INFO [main] org.apache.catalina.startup.VersionLoggerListener.log JVM Version:           17.0.15+6-Ubuntu-0ubuntu120.04
19-Apr-2026 12:42:40.736 INFO [main] org.apache.catalina.startup.VersionLoggerListener.log JVM Vendor:            Ubuntu
19-Apr-2026 12:42:40.737 INFO [main] org.apache.catalina.startup.VersionLoggerListener.log CATALINA_BASE:         /home/vinay/Desktop/maven/test/my-webapp/apache-tomcat-9.0.117
19-Apr-2026 12:42:40.737 INFO [main] org.apache.catalina.startup.VersionLoggerListener.log CATALINA_HOME:         /home/vinay/Desktop/maven/test/my-webapp/apache-tomcat-9.0.117
19-Apr-2026 12:42:40.744 INFO [main] org.apache.catalina.startup.VersionLoggerListener.log Command line argument: --add-opens=java.base/java.lang=ALL-UNNAMED
19-Apr-2026 12:42:40.745 INFO [main] org.apache.catalina.startup.VersionLoggerListener.log Command line argument: --add-opens=java.base/java.lang.invoke=ALL-UNNAMED
19-Apr-2026 12:42:40.745 INFO [main] org.apache.catalina.startup.VersionLoggerListener.log Command line argument: --add-opens=java.base/java.lang.reflect=ALL-UNNAMED
19-Apr-2026 12:42:40.745 INFO [main] org.apache.catalina.startup.VersionLoggerListener.log Command line argument: --add-opens=java.base/java.io=ALL-UNNAMED
19-Apr-2026 12:42:40.745 INFO [main] org.apache.catalina.startup.VersionLoggerListener.log Command line argument: --add-opens=java.base/java.util=ALL-UNNAMED
19-Apr-2026 12:42:40.745 INFO [main] org.apache.catalina.startup.VersionLoggerListener.log Command line argument: --add-opens=java.base/java.util.concurrent=ALL-UNNAMED
19-Apr-2026 12:42:40.746 INFO [main] org.apache.catalina.startup.VersionLoggerListener.log Command line argument: --add-opens=java.rmi/sun.rmi.transport=ALL-UNNAMED
19-Apr-2026 12:42:40.746 INFO [main] org.apache.catalina.startup.VersionLoggerListener.log Command line argument: -Djava.util.logging.config.file=/home/vinay/Desktop/maven/test/my-webapp/apache-tomcat-9.0.117/conf/logging.properties
19-Apr-2026 12:42:40.746 INFO [main] org.apache.catalina.startup.VersionLoggerListener.log Command line argument: -Djava.util.logging.manager=org.apache.juli.ClassLoaderLogManager
19-Apr-2026 12:42:40.746 INFO [main] org.apache.catalina.startup.VersionLoggerListener.log Command line argument: -Djdk.tls.ephemeralDHKeySize=2048
19-Apr-2026 12:42:40.746 INFO [main] org.apache.catalina.startup.VersionLoggerListener.log Command line argument: -Djava.protocol.handler.pkgs=org.apache.catalina.webresources
19-Apr-2026 12:42:40.746 INFO [main] org.apache.catalina.startup.VersionLoggerListener.log Command line argument: -Dsun.io.useCanonCaches=false
19-Apr-2026 12:42:40.746 INFO [main] org.apache.catalina.startup.VersionLoggerListener.log Command line argument: -Dorg.apache.catalina.security.SecurityListener.UMASK=0027
19-Apr-2026 12:42:40.747 INFO [main] org.apache.catalina.startup.VersionLoggerListener.log Command line argument: -Dignore.endorsed.dirs=
19-Apr-2026 12:42:40.747 INFO [main] org.apache.catalina.startup.VersionLoggerListener.log Command line argument: -Dcatalina.base=/home/vinay/Desktop/maven/test/my-webapp/apache-tomcat-9.0.117
19-Apr-2026 12:42:40.747 INFO [main] org.apache.catalina.startup.VersionLoggerListener.log Command line argument: -Dcatalina.home=/home/vinay/Desktop/maven/test/my-webapp/apache-tomcat-9.0.117
19-Apr-2026 12:42:40.747 INFO [main] org.apache.catalina.startup.VersionLoggerListener.log Command line argument: -Djava.io.tmpdir=/home/vinay/Desktop/maven/test/my-webapp/apache-tomcat-9.0.117/temp
19-Apr-2026 12:42:40.749 INFO [main] org.apache.catalina.core.AprLifecycleListener.lifecycleEvent The Apache Tomcat Native library which allows using OpenSSL was not found on the java.library.path: [/usr/java/packages/lib:/usr/lib/x86_64-linux-gnu/jni:/lib/x86_64-linux-gnu:/usr/lib/x86_64-linux-gnu:/usr/lib/jni:/lib:/usr/lib]
19-Apr-2026 12:42:41.009 INFO [main] org.apache.coyote.AbstractProtocol.init Initializing ProtocolHandler ["http-nio-8080"]
19-Apr-2026 12:42:41.022 SEVERE [main] org.apache.catalina.util.LifecycleBase.handleSubClassException Failed to initialize component [Connector["http-nio-8080"]]
	org.apache.catalina.LifecycleException: Protocol handler initialization failed
		at org.apache.catalina.connector.Connector.initInternal(Connector.java:1084)
		at org.apache.catalina.util.LifecycleBase.init(LifecycleBase.java:122)
		at org.apache.catalina.core.StandardService.initInternal(StandardService.java:520)
		at org.apache.catalina.util.LifecycleBase.init(LifecycleBase.java:122)
		at org.apache.catalina.core.StandardServer.initInternal(StandardServer.java:984)
		at org.apache.catalina.util.LifecycleBase.init(LifecycleBase.java:122)
		at org.apache.catalina.startup.Catalina.load(Catalina.java:687)
		at org.apache.catalina.startup.Catalina.load(Catalina.java:710)
		at java.base/jdk.internal.reflect.NativeMethodAccessorImpl.invoke0(Native Method)
		at java.base/jdk.internal.reflect.NativeMethodAccessorImpl.invoke(NativeMethodAccessorImpl.java:77)
		at java.base/jdk.internal.reflect.DelegatingMethodAccessorImpl.invoke(DelegatingMethodAccessorImpl.java:43)
		at java.base/java.lang.reflect.Method.invoke(Method.java:569)
		at org.apache.catalina.startup.Bootstrap.load(Bootstrap.java:299)
		at org.apache.catalina.startup.Bootstrap.main(Bootstrap.java:472)
	Caused by: java.net.BindException: Address already in use
		at java.base/sun.nio.ch.Net.bind0(Native Method)
		at java.base/sun.nio.ch.Net.bind(Net.java:555)
		at java.base/sun.nio.ch.ServerSocketChannelImpl.netBind(ServerSocketChannelImpl.java:337)
		at java.base/sun.nio.ch.ServerSocketChannelImpl.bind(ServerSocketChannelImpl.java:294)
		at org.apache.tomcat.util.net.NioEndpoint.initServerSocket(NioEndpoint.java:296)
		at org.apache.tomcat.util.net.NioEndpoint.bind(NioEndpoint.java:251)
		at org.apache.tomcat.util.net.AbstractEndpoint.bindWithCleanup(AbstractEndpoint.java:1498)
		at org.apache.tomcat.util.net.AbstractEndpoint.init(AbstractEndpoint.java:1511)
		at org.apache.coyote.AbstractProtocol.init(AbstractProtocol.java:667)
		at org.apache.coyote.http11.AbstractHttp11Protocol.init(AbstractHttp11Protocol.java:80)
		at org.apache.catalina.connector.Connector.initInternal(Connector.java:1082)
		... 13 more
19-Apr-2026 12:42:41.023 INFO [main] org.apache.catalina.startup.Catalina.load Server initialization in [448] milliseconds
19-Apr-2026 12:42:41.059 INFO [main] org.apache.catalina.core.StandardService.startInternal Starting service [Catalina]
19-Apr-2026 12:42:41.059 INFO [main] org.apache.catalina.core.StandardEngine.startInternal Starting Servlet engine: [Apache Tomcat/9.0.117]
19-Apr-2026 12:42:41.069 INFO [main] org.apache.catalina.startup.HostConfig.deployWAR Deploying web application archive [/home/vinay/Desktop/maven/test/my-webapp/apache-tomcat-9.0.117/webapps/my-webapp.war]
19-Apr-2026 12:42:41.173 WARNING [main] org.apache.tomcat.util.descriptor.web.WebXml.setVersion Unknown version string [5.0]. Default version will be used.
19-Apr-2026 12:42:41.317 INFO [main] org.apache.catalina.startup.HostConfig.deployWAR Deployment of web application archive [/home/vinay/Desktop/maven/test/my-webapp/apache-tomcat-9.0.117/webapps/my-webapp.war] has finished in [248] ms
19-Apr-2026 12:42:41.318 INFO [main] org.apache.catalina.startup.HostConfig.deployDirectory Deploying web application directory [/home/vinay/Desktop/maven/test/my-webapp/apache-tomcat-9.0.117/webapps/ROOT]
19-Apr-2026 12:42:41.343 INFO [main] org.apache.catalina.startup.HostConfig.deployDirectory Deployment of web application directory [/home/vinay/Desktop/maven/test/my-webapp/apache-tomcat-9.0.117/webapps/ROOT] has finished in [24] ms
19-Apr-2026 12:42:41.343 INFO [main] org.apache.catalina.startup.HostConfig.deployDirectory Deploying web application directory [/home/vinay/Desktop/maven/test/my-webapp/apache-tomcat-9.0.117/webapps/docs]
19-Apr-2026 12:42:41.370 INFO [main] org.apache.catalina.startup.HostConfig.deployDirectory Deployment of web application directory [/home/vinay/Desktop/maven/test/my-webapp/apache-tomcat-9.0.117/webapps/docs] has finished in [27] ms
19-Apr-2026 12:42:41.370 INFO [main] org.apache.catalina.startup.HostConfig.deployDirectory Deploying web application directory [/home/vinay/Desktop/maven/test/my-webapp/apache-tomcat-9.0.117/webapps/manager]
19-Apr-2026 12:42:41.405 INFO [main] org.apache.catalina.startup.HostConfig.deployDirectory Deployment of web application directory [/home/vinay/Desktop/maven/test/my-webapp/apache-tomcat-9.0.117/webapps/manager] has finished in [34] ms
19-Apr-2026 12:42:41.406 INFO [main] org.apache.catalina.startup.HostConfig.deployDirectory Deploying web application directory [/home/vinay/Desktop/maven/test/my-webapp/apache-tomcat-9.0.117/webapps/host-manager]
19-Apr-2026 12:42:41.438 INFO [main] org.apache.catalina.startup.HostConfig.deployDirectory Deployment of web application directory [/home/vinay/Desktop/maven/test/my-webapp/apache-tomcat-9.0.117/webapps/host-manager] has finished in [32] ms
19-Apr-2026 12:42:41.438 INFO [main] org.apache.catalina.startup.HostConfig.deployDirectory Deploying web application directory [/home/vinay/Desktop/maven/test/my-webapp/apache-tomcat-9.0.117/webapps/examples]
19-Apr-2026 12:42:41.650 INFO [main] org.apache.catalina.startup.HostConfig.deployDirectory Deployment of web application directory [/home/vinay/Desktop/maven/test/my-webapp/apache-tomcat-9.0.117/webapps/examples] has finished in [212] ms
19-Apr-2026 12:42:41.656 INFO [main] org.apache.catalina.startup.Catalina.start Server startup in [632] milliseconds
19-Apr-2026 12:42:41.660 SEVERE [main] org.apache.catalina.core.StandardServer.await Failed to create server shutdown socket on address [localhost] and port [8005] (base port [8005] and offset [0])
	java.net.BindException: Address already in use
		at java.base/sun.nio.ch.Net.bind0(Native Method)
		at java.base/sun.nio.ch.Net.bind(Net.java:555)
		at java.base/sun.nio.ch.Net.bind(Net.java:544)
		at java.base/sun.nio.ch.NioSocketImpl.bind(NioSocketImpl.java:648)
		at java.base/java.net.ServerSocket.bind(ServerSocket.java:388)
		at java.base/java.net.ServerSocket.<init>(ServerSocket.java:274)
		at org.apache.catalina.core.StandardServer.await(StandardServer.java:535)
		at org.apache.catalina.startup.Catalina.await(Catalina.java:826)
		at org.apache.catalina.startup.Catalina.start(Catalina.java:774)
		at java.base/jdk.internal.reflect.NativeMethodAccessorImpl.invoke0(Native Method)
		at java.base/jdk.internal.reflect.NativeMethodAccessorImpl.invoke(NativeMethodAccessorImpl.java:77)
		at java.base/jdk.internal.reflect.DelegatingMethodAccessorImpl.invoke(DelegatingMethodAccessorImpl.java:43)
		at java.base/java.lang.reflect.Method.invoke(Method.java:569)
		at org.apache.catalina.startup.Bootstrap.start(Bootstrap.java:342)
		at org.apache.catalina.startup.Bootstrap.main(Bootstrap.java:473)
19-Apr-2026 12:42:41.661 INFO [main] org.apache.coyote.AbstractProtocol.pause Pausing ProtocolHandler ["http-nio-8080"]
19-Apr-2026 12:42:41.661 INFO [main] org.apache.catalina.core.StandardService.stopInternal Stopping service [Catalina]
19-Apr-2026 12:42:41.687 INFO [main] org.apache.coyote.AbstractProtocol.stop Stopping ProtocolHandler ["http-nio-8080"]
19-Apr-2026 12:42:41.689 INFO [main] org.apache.coyote.AbstractProtocol.destroy Destroying ProtocolHandler ["http-nio-8080"]
19-Apr-2026 12:43:07.111 INFO [main] org.apache.catalina.core.StandardServer.await A valid shutdown command was received via the shutdown port. Stopping the Server instance.
19-Apr-2026 12:43:07.112 INFO [main] org.apache.coyote.AbstractProtocol.pause Pausing ProtocolHandler ["http-nio-8080"]
19-Apr-2026 12:43:07.115 INFO [main] org.apache.catalina.core.StandardService.stopInternal Stopping service [Catalina]
19-Apr-2026 12:43:07.133 INFO [main] org.apache.coyote.AbstractProtocol.stop Stopping ProtocolHandler ["http-nio-8080"]
19-Apr-2026 12:43:07.139 INFO [main] org.apache.coyote.AbstractProtocol.destroy Destroying ProtocolHandler ["http-nio-8080"]
NOTE: Picked up JDK_JAVA_OPTIONS:  --add-opens=java.base/java.lang=ALL-UNNAMED --add-opens=java.base/java.lang.invoke=ALL-UNNAMED --add-opens=java.base/java.lang.reflect=ALL-UNNAMED --add-opens=java.base/java.io=ALL-UNNAMED --add-opens=java.base/java.util=ALL-UNNAMED --add-opens=java.base/java.util.concurrent=ALL-UNNAMED --add-opens=java.rmi/sun.rmi.transport=ALL-UNNAMED
19-Apr-2026 16:42:52.685 INFO [main] org.apache.catalina.startup.VersionLoggerListener.log Server version name:   Apache Tomcat/9.0.117
19-Apr-2026 16:42:52.689 INFO [main] org.apache.catalina.startup.VersionLoggerListener.log Server built:          Mar 30 2026 18:21:16 UTC
19-Apr-2026 16:42:52.690 INFO [main] org.apache.catalina.startup.VersionLoggerListener.log Server version number: 9.0.117.0
19-Apr-2026 16:42:52.690 INFO [main] org.apache.catalina.startup.VersionLoggerListener.log OS Name:               Linux
19-Apr-2026 16:42:52.690 INFO [main] org.apache.catalina.startup.VersionLoggerListener.log OS Version:            5.15.0-139-generic
19-Apr-2026 16:42:52.690 INFO [main] org.apache.catalina.startup.VersionLoggerListener.log Architecture:          amd64
19-Apr-2026 16:42:52.690 INFO [main] org.apache.catalina.startup.VersionLoggerListener.log Java Home:             /usr/lib/jvm/java-17-openjdk-amd64
19-Apr-2026 16:42:52.690 INFO [main] org.apache.catalina.startup.VersionLoggerListener.log JVM Version:           17.0.15+6-Ubuntu-0ubuntu120.04
19-Apr-2026 16:42:52.691 INFO [main] org.apache.catalina.startup.VersionLoggerListener.log JVM Vendor:            Ubuntu
19-Apr-2026 16:42:52.691 INFO [main] org.apache.catalina.startup.VersionLoggerListener.log CATALINA_BASE:         /home/vinay/Desktop/maven/test/my-webapp/apache-tomcat-9.0.117
19-Apr-2026 16:42:52.691 INFO [main] org.apache.catalina.startup.VersionLoggerListener.log CATALINA_HOME:         /home/vinay/Desktop/maven/test/my-webapp/apache-tomcat-9.0.117
19-Apr-2026 16:42:52.698 INFO [main] org.apache.catalina.startup.VersionLoggerListener.log Command line argument: --add-opens=java.base/java.lang=ALL-UNNAMED
19-Apr-2026 16:42:52.699 INFO [main] org.apache.catalina.startup.VersionLoggerListener.log Command line argument: --add-opens=java.base/java.lang.invoke=ALL-UNNAMED
19-Apr-2026 16:42:52.699 INFO [main] org.apache.catalina.startup.VersionLoggerListener.log Command line argument: --add-opens=java.base/java.lang.reflect=ALL-UNNAMED
19-Apr-2026 16:42:52.699 INFO [main] org.apache.catalina.startup.VersionLoggerListener.log Command line argument: --add-opens=java.base/java.io=ALL-UNNAMED
19-Apr-2026 16:42:52.699 INFO [main] org.apache.catalina.startup.VersionLoggerListener.log Command line argument: --add-opens=java.base/java.util=ALL-UNNAMED
19-Apr-2026 16:42:52.699 INFO [main] org.apache.catalina.startup.VersionLoggerListener.log Command line argument: --add-opens=java.base/java.util.concurrent=ALL-UNNAMED
19-Apr-2026 16:42:52.700 INFO [main] org.apache.catalina.startup.VersionLoggerListener.log Command line argument: --add-opens=java.rmi/sun.rmi.transport=ALL-UNNAMED
19-Apr-2026 16:42:52.700 INFO [main] org.apache.catalina.startup.VersionLoggerListener.log Command line argument: -Djava.util.logging.config.file=/home/vinay/Desktop/maven/test/my-webapp/apache-tomcat-9.0.117/conf/logging.properties
19-Apr-2026 16:42:52.700 INFO [main] org.apache.catalina.startup.VersionLoggerListener.log Command line argument: -Djava.util.logging.manager=org.apache.juli.ClassLoaderLogManager
19-Apr-2026 16:42:52.700 INFO [main] org.apache.catalina.startup.VersionLoggerListener.log Command line argument: -Djdk.tls.ephemeralDHKeySize=2048
19-Apr-2026 16:42:52.700 INFO [main] org.apache.catalina.startup.VersionLoggerListener.log Command line argument: -Djava.protocol.handler.pkgs=org.apache.catalina.webresources
19-Apr-2026 16:42:52.700 INFO [main] org.apache.catalina.startup.VersionLoggerListener.log Command line argument: -Dsun.io.useCanonCaches=false
19-Apr-2026 16:42:52.700 INFO [main] org.apache.catalina.startup.VersionLoggerListener.log Command line argument: -Dorg.apache.catalina.security.SecurityListener.UMASK=0027
19-Apr-2026 16:42:52.701 INFO [main] org.apache.catalina.startup.VersionLoggerListener.log Command line argument: -Dignore.endorsed.dirs=
19-Apr-2026 16:42:52.701 INFO [main] org.apache.catalina.startup.VersionLoggerListener.log Command line argument: -Dcatalina.base=/home/vinay/Desktop/maven/test/my-webapp/apache-tomcat-9.0.117
19-Apr-2026 16:42:52.701 INFO [main] org.apache.catalina.startup.VersionLoggerListener.log Command line argument: -Dcatalina.home=/home/vinay/Desktop/maven/test/my-webapp/apache-tomcat-9.0.117
19-Apr-2026 16:42:52.701 INFO [main] org.apache.catalina.startup.VersionLoggerListener.log Command line argument: -Djava.io.tmpdir=/home/vinay/Desktop/maven/test/my-webapp/apache-tomcat-9.0.117/temp
19-Apr-2026 16:42:52.703 INFO [main] org.apache.catalina.core.AprLifecycleListener.lifecycleEvent The Apache Tomcat Native library which allows using OpenSSL was not found on the java.library.path: [/usr/java/packages/lib:/usr/lib/x86_64-linux-gnu/jni:/lib/x86_64-linux-gnu:/usr/lib/x86_64-linux-gnu:/usr/lib/jni:/lib:/usr/lib]
19-Apr-2026 16:42:52.966 INFO [main] org.apache.coyote.AbstractProtocol.init Initializing ProtocolHandler ["http-nio-8080"]
19-Apr-2026 16:42:52.988 INFO [main] org.apache.catalina.startup.Catalina.load Server initialization in [476] milliseconds
19-Apr-2026 16:42:53.027 INFO [main] org.apache.catalina.core.StandardService.startInternal Starting service [Catalina]
19-Apr-2026 16:42:53.028 INFO [main] org.apache.catalina.core.StandardEngine.startInternal Starting Servlet engine: [Apache Tomcat/9.0.117]
19-Apr-2026 16:42:53.034 INFO [main] org.apache.catalina.startup.HostConfig.deployDirectory Deploying web application directory [/home/vinay/Desktop/maven/test/my-webapp/apache-tomcat-9.0.117/webapps/ROOT]
19-Apr-2026 16:42:53.280 INFO [main] org.apache.catalina.startup.HostConfig.deployDirectory Deployment of web application directory [/home/vinay/Desktop/maven/test/my-webapp/apache-tomcat-9.0.117/webapps/ROOT] has finished in [246] ms
19-Apr-2026 16:42:53.281 INFO [main] org.apache.catalina.startup.HostConfig.deployDirectory Deploying web application directory [/home/vinay/Desktop/maven/test/my-webapp/apache-tomcat-9.0.117/webapps/docs]
19-Apr-2026 16:42:53.310 INFO [main] org.apache.catalina.startup.HostConfig.deployDirectory Deployment of web application directory [/home/vinay/Desktop/maven/test/my-webapp/apache-tomcat-9.0.117/webapps/docs] has finished in [29] ms
19-Apr-2026 16:42:53.311 INFO [main] org.apache.catalina.startup.HostConfig.deployDirectory Deploying web application directory [/home/vinay/Desktop/maven/test/my-webapp/apache-tomcat-9.0.117/webapps/manager]
19-Apr-2026 16:42:53.348 INFO [main] org.apache.catalina.startup.HostConfig.deployDirectory Deployment of web application directory [/home/vinay/Desktop/maven/test/my-webapp/apache-tomcat-9.0.117/webapps/manager] has finished in [37] ms
19-Apr-2026 16:42:53.348 INFO [main] org.apache.catalina.startup.HostConfig.deployDirectory Deploying web application directory [/home/vinay/Desktop/maven/test/my-webapp/apache-tomcat-9.0.117/webapps/host-manager]
19-Apr-2026 16:42:53.372 INFO [main] org.apache.catalina.startup.HostConfig.deployDirectory Deployment of web application directory [/home/vinay/Desktop/maven/test/my-webapp/apache-tomcat-9.0.117/webapps/host-manager] has finished in [24] ms
19-Apr-2026 16:42:53.372 INFO [main] org.apache.catalina.startup.HostConfig.deployDirectory Deploying web application directory [/home/vinay/Desktop/maven/test/my-webapp/apache-tomcat-9.0.117/webapps/examples]
19-Apr-2026 16:42:53.595 INFO [main] org.apache.catalina.startup.HostConfig.deployDirectory Deployment of web application directory [/home/vinay/Desktop/maven/test/my-webapp/apache-tomcat-9.0.117/webapps/examples] has finished in [223] ms
19-Apr-2026 16:42:53.599 INFO [main] org.apache.coyote.AbstractProtocol.start Starting ProtocolHandler ["http-nio-8080"]
19-Apr-2026 16:42:53.610 INFO [main] org.apache.catalina.startup.Catalina.start Server startup in [621] milliseconds
19-Apr-2026 16:53:19.949 INFO [http-nio-8080-exec-6] org.apache.catalina.startup.HostConfig.deployWAR Deploying web application archive [/home/vinay/Desktop/maven/test/my-webapp/apache-tomcat-9.0.117/webapps/my-webapp.war]
19-Apr-2026 16:53:19.961 WARNING [http-nio-8080-exec-6] org.apache.tomcat.util.descriptor.web.WebXml.setVersion Unknown version string [5.0]. Default version will be used.
19-Apr-2026 16:53:19.978 INFO [http-nio-8080-exec-6] org.apache.catalina.startup.HostConfig.deployWAR Deployment of web application archive [/home/vinay/Desktop/maven/test/my-webapp/apache-tomcat-9.0.117/webapps/my-webapp.war] has finished in [29] ms
19-Apr-2026 17:13:33.934 INFO [Catalina-utility-2] org.apache.catalina.users.MemoryUserDatabase.backgroundProcess Reloading memory user database [UserDatabase] from updated source [file:/home/vinay/Desktop/maven/test/my-webapp/apache-tomcat-9.0.117/conf/tomcat-users.xml]
