19-Apr-2026 12:37:32.863 INFO [main] org.apache.catalina.core.ApplicationContext.log ContextListener: contextInitialized()
19-Apr-2026 12:37:32.863 INFO [main] org.apache.catalina.core.ApplicationContext.log SessionListener: contextInitialized()
19-Apr-2026 12:37:32.864 INFO [main] org.apache.catalina.core.ApplicationContext.log ContextListener: attributeAdded('StockTicker', 'async.Stockticker@55f3c410')
19-Apr-2026 12:42:07.565 INFO [main] org.apache.catalina.core.ApplicationContext.log SessionListener: contextDestroyed()
19-Apr-2026 12:42:07.566 INFO [main] org.apache.catalina.core.ApplicationContext.log ContextListener: contextDestroyed()
19-Apr-2026 12:42:25.817 INFO [main] org.apache.catalina.core.ApplicationContext.log ContextListener: contextInitialized()
19-Apr-2026 12:42:25.817 INFO [main] org.apache.catalina.core.ApplicationContext.log SessionListener: contextInitialized()
19-Apr-2026 12:42:25.818 INFO [main] org.apache.catalina.core.ApplicationContext.log ContextListener: attributeAdded('StockTicker', 'async.Stockticker@49f5c307')
19-Apr-2026 12:42:41.644 INFO [main] org.apache.catalina.core.ApplicationContext.log ContextListener: contextInitialized()
19-Apr-2026 12:42:41.644 INFO [main] org.apache.catalina.core.ApplicationContext.log SessionListener: contextInitialized()
19-Apr-2026 12:42:41.645 INFO [main] org.apache.catalina.core.ApplicationContext.log ContextListener: attributeAdded('StockTicker', 'async.Stockticker@664a9613')
19-Apr-2026 12:42:41.672 INFO [main] org.apache.catalina.core.ApplicationContext.log SessionListener: contextDestroyed()
19-Apr-2026 12:42:41.673 INFO [main] org.apache.catalina.core.ApplicationContext.log ContextListener: contextDestroyed()
19-Apr-2026 12:43:07.122 INFO [main] org.apache.catalina.core.ApplicationContext.log SessionListener: contextDestroyed()
19-Apr-2026 12:43:07.122 INFO [main] org.apache.catalina.core.ApplicationContext.log ContextListener: contextDestroyed()
19-Apr-2026 12:43:20.099 INFO [main] org.apache.catalina.core.ApplicationContext.log ContextListener: contextInitialized()
19-Apr-2026 12:43:20.099 INFO [main] org.apache.catalina.core.ApplicationContext.log SessionListener: contextInitialized()
19-Apr-2026 12:43:20.100 INFO [main] org.apache.catalina.core.ApplicationContext.log ContextListener: attributeAdded('StockTicker', 'async.Stockticker@372ea2bc')
19-Apr-2026 12:43:25.517 INFO [Thread-1] org.apache.catalina.core.ApplicationContext.log SessionListener: contextDestroyed()
19-Apr-2026 12:43:25.517 INFO [Thread-1] org.apache.catalina.core.ApplicationContext.log ContextListener: contextDestroyed()
19-Apr-2026 16:42:53.588 INFO [main] org.apache.catalina.core.ApplicationContext.log ContextListener: contextInitialized()
19-Apr-2026 16:42:53.588 INFO [main] org.apache.catalina.core.ApplicationContext.log SessionListener: contextInitialized()
19-Apr-2026 16:42:53.589 INFO [main] org.apache.catalina.core.ApplicationContext.log ContextListener: attributeAdded('StockTicker', 'async.Stockticker@6fff253c')
